SF:lib/src/async_listenable_interface.dart
DA:6,0
DA:12,0
LF:2
LH:0
end_of_record
SF:lib/src/async_notifier_impl.dart
DA:30,0
DA:35,1
DA:40,1
DA:68,2
LF:4
LH:3
end_of_record
SF:lib/src/extensions/async_listenable_extension.dart
DA:11,3
DA:14,3
DA:17,3
DA:20,0
DA:23,3
DA:26,3
DA:29,0
DA:32,3
DA:37,1
DA:43,2
DA:56,0
LF:11
LH:8
end_of_record
SF:lib/src/extensions/async_snapshot_extension.dart
DA:31,1
DA:37,4
DA:38,4
DA:40,1
DA:41,1
DA:42,1
DA:44,1
DA:45,1
DA:47,1
DA:48,0
DA:50,1
DA:51,1
DA:56,3
DA:59,1
DA:60,2
DA:61,2
DA:64,3
LF:17
LH:16
end_of_record
SF:lib/src/extensions/listenable_extension.dart
DA:20,1
DA:21,2
LF:2
LH:2
end_of_record
SF:lib/src/extensions/value_listenable_extension.dart
DA:9,0
DA:13,0
DA:17,0
DA:21,0
DA:36,1
DA:37,1
DA:38,2
DA:41,1
DA:42,2
LF:9
LH:5
end_of_record
SF:lib/src/extensions/value_notifier_extension.dart
DA:6,1
DA:7,1
LF:2
LH:2
end_of_record
SF:lib/src/async_listenable_base.dart
DA:10,0
LF:1
LH:0
end_of_record
SF:lib/src/async_notifier_base.dart
DA:17,1
DA:18,1
DA:19,1
DA:21,1
DA:35,1
DA:36,1
DA:38,1
DA:39,1
DA:41,1
DA:43,2
DA:44,2
DA:45,3
DA:46,4
DA:49,1
DA:51,2
DA:52,2
DA:54,4
DA:55,1
DA:56,1
DA:57,2
DA:60,1
DA:63,1
DA:65,4
DA:66,1
DA:69,1
DA:71,4
DA:72,1
DA:89,1
DA:90,2
DA:91,1
DA:92,1
DA:94,1
DA:95,3
DA:96,2
DA:99,2
DA:100,1
DA:101,2
DA:102,2
DA:104,1
DA:105,2
DA:106,2
DA:107,2
DA:127,1
DA:128,2
DA:129,0
DA:130,1
DA:132,2
DA:133,3
DA:134,2
DA:137,3
DA:138,1
DA:139,2
DA:141,1
DA:142,2
DA:143,2
DA:145,1
DA:146,3
DA:152,0
DA:154,0
DA:156,0
DA:157,0
DA:158,0
DA:159,0
DA:164,1
DA:165,1
DA:166,3
DA:167,2
DA:171,1
DA:172,2
DA:173,1
DA:174,1
DA:175,1
DA:178,0
DA:180,0
DA:181,0
LF:75
LH:65
end_of_record
